This is pdfTeX, Version 3.1415926-1.40.10 (MiKTeX 2.8) (preloaded format=pdflatex 2010.6.12)  17 JUN 2010 16:51
entering extended mode
**simulaciones-tp01.tex

("C:\Documents and Settings\Silvio\Escritorio\simulacion 1\informe tp01 simu\si
mulaciones-tp01.tex"
LaTeX2e <2009/09/24>
Babel <v3.8l> and hyphenation patterns for english, dumylang, nohyphenation, ge
rman, ngerman, german-x-2009-06-19, ngerman-x-2009-06-19, french, loaded.
("C:\Archivos de programa\MiKTeX 2.8\tex\latex\base\article.cls"
Document Class: article 2007/10/19 v1.4h Standard LaTeX document class
("C:\Archivos de programa\MiKTeX 2.8\tex\latex\base\size12.clo"
File: size12.clo 2007/10/19 v1.4h Standard LaTeX file (size option)
)
\c@part=\count79
\c@section=\count80
\c@subsection=\count81
\c@subsubsection=\count82
\c@paragraph=\count83
\c@subparagraph=\count84
\c@figure=\count85
\c@table=\count86
\abovecaptionskip=\skip41
\belowcaptionskip=\skip42
\bibindent=\dimen102
)
("C:\Archivos de programa\MiKTeX 2.8\tex\generic\babel\babel.sty"
Package: babel 2008/07/06 v3.8l The Babel package

*************************************
* Local config file bblopts.cfg used
*
("C:\Archivos de programa\MiKTeX 2.8\tex\latex\00miktex\bblopts.cfg"
File: bblopts.cfg 2006/07/31 v1.0 MiKTeX 'babel' configuration
)
("C:\Archivos de programa\MiKTeX 2.8\tex\generic\babel\spanish.ldf"
Language: spanish.ldf 2009/01/02 v5.0h Spanish support from the babel system

("C:\Archivos de programa\MiKTeX 2.8\tex\generic\babel\babel.def"
File: babel.def 2008/07/06 v3.8l Babel common definitions
\babel@savecnt=\count87
\U@D=\dimen103
)

Package babel Warning: No hyphenation patterns were loaded for
(babel)                the language `Spanish'
(babel)                I will use the patterns loaded for \language=0 instead.

\l@spanish = a dialect from \language0
\es@datefmt=\count88
\es@quottoks=\toks14
\es@quotdepth=\count89
Package babel Info: Making " an active character on input line 492.
Package babel Info: Making . an active character on input line 585.
Package babel Info: Making < an active character on input line 630.
Package babel Info: Making > an active character on input line 630.
)) ("C:\Archivos de programa\MiKTeX 2.8\tex\latex\base\fontenc.sty"
Package: fontenc 2005/09/27 v1.99g Standard LaTeX package

("C:\Archivos de programa\MiKTeX 2.8\tex\latex\base\t1enc.def"
File: t1enc.def 2005/09/27 v1.99g Standard LaTeX file
LaTeX Font Info:    Redeclaring font encoding T1 on input line 43.
))
("C:\Archivos de programa\MiKTeX 2.8\tex\latex\base\inputenc.sty"
Package: inputenc 2008/03/30 v1.1d Input encoding file
\inpenc@prehook=\toks15
\inpenc@posthook=\toks16

("C:\Archivos de programa\MiKTeX 2.8\tex\latex\base\latin1.def"
File: latin1.def 2008/03/30 v1.1d Input encoding file
))
("C:\Archivos de programa\MiKTeX 2.8\tex\latex\graphics\graphicx.sty"
Package: graphicx 1999/02/16 v1.0f Enhanced LaTeX Graphics (DPC,SPQR)

("C:\Archivos de programa\MiKTeX 2.8\tex\latex\graphics\keyval.sty"
Package: keyval 1999/03/16 v1.13 key=value parser (DPC)
\KV@toks@=\toks17
)
("C:\Archivos de programa\MiKTeX 2.8\tex\latex\graphics\graphics.sty"
Package: graphics 2009/02/05 v1.0o Standard LaTeX Graphics (DPC,SPQR)

("C:\Archivos de programa\MiKTeX 2.8\tex\latex\graphics\trig.sty"
Package: trig 1999/03/16 v1.09 sin cos tan (DPC)
)
("C:\Archivos de programa\MiKTeX 2.8\tex\latex\00miktex\graphics.cfg"
File: graphics.cfg 2007/01/18 v1.5 graphics configuration of teTeX/TeXLive
)
Package graphics Info: Driver file: pdftex.def on input line 91.

("C:\Archivos de programa\MiKTeX 2.8\tex\latex\pdftex-def\pdftex.def"
File: pdftex.def 2010/02/14 v0.04n Graphics/color for pdfTeX
\Gread@gobject=\count90
))
\Gin@req@height=\dimen104
\Gin@req@width=\dimen105
)
("C:\Documents and Settings\Silvio\Escritorio\simulacion 1\informe tp01 simu\si
mulaciones-tp01.aux")
LaTeX Font Info:    Checking defaults for OML/cmm/m/it on input line 11.
LaTeX Font Info:    ... okay on input line 11.
LaTeX Font Info:    Checking defaults for T1/cmr/m/n on input line 11.
LaTeX Font Info:    ... okay on input line 11.
LaTeX Font Info:    Checking defaults for OT1/cmr/m/n on input line 11.
LaTeX Font Info:    ... okay on input line 11.
LaTeX Font Info:    Checking defaults for OMS/cmsy/m/n on input line 11.
LaTeX Font Info:    ... okay on input line 11.
LaTeX Font Info:    Checking defaults for OMX/cmex/m/n on input line 11.
LaTeX Font Info:    ... okay on input line 11.
LaTeX Font Info:    Checking defaults for U/cmr/m/n on input line 11.
LaTeX Font Info:    ... okay on input line 11.

("C:\Archivos de programa\MiKTeX 2.8\tex\context\base\supp-pdf.tex"
[Loading MPS to PDF converter (version 2006.09.02).]
\scratchcounter=\count91
\scratchdimen=\dimen106
\scratchbox=\box26
\nofMPsegments=\count92
\nofMParguments=\count93
\everyMPshowfont=\toks18
\MPscratchCnt=\count94
\MPscratchDim=\dimen107
\MPnumerator=\count95
\everyMPtoPDFconversion=\toks19
)
LaTeX Font Info:    External font `cmex10' loaded for size
(Font)              <14.4> on input line 12.
LaTeX Font Info:    External font `cmex10' loaded for size
(Font)              <7> on input line 12.
 [1

{C:/Documents and Settings/All Users/Datos de programa/MiKTeX/2.8/pdftex/config
/pdftex.map}]
("C:\Documents and Settings\Silvio\Escritorio\simulacion 1\informe tp01 simu\si
mulaciones-tp01.toc"
LaTeX Font Info:    External font `cmex10' loaded for size
(Font)              <12> on input line 2.
LaTeX Font Info:    External font `cmex10' loaded for size
(Font)              <8> on input line 2.
LaTeX Font Info:    External font `cmex10' loaded for size
(Font)              <6> on input line 2.
)
\tf@toc=\write3
 [1]
Underfull \hbox (badness 10000) in paragraph at lines 17--18

 []


Overfull \hbox (8.36865pt too wide) in paragraph at lines 22--23
[]\T1/cmr/m/n/12 Se cal-cu-la $[] \OT1/cmr/m/n/12 = []\OML/cmm/m/it/12 ; k [][]
\OMS/cmsy/m/n/12 ! []\OML/cmm/m/it/12 ; n \OT1/cmr/m/n/12 =
 []

[2]
Underfull \hbox (badness 10000) in paragraph at lines 29--30

 []

LaTeX Font Info:    Try loading font information for OMS+cmr on input line 36.
("C:\Archivos de programa\MiKTeX 2.8\tex\latex\base\omscmr.fd"
File: omscmr.fd 1999/05/25 v2.5h Standard LaTeX font definitions
)
LaTeX Font Info:    Font shape `OMS/cmr/m/n' in size <12> not available
(Font)              Font shape `OMS/cmsy/m/n' tried instead on input line 36.

Underfull \hbox (badness 10000) in paragraph at lines 45--47

 []

<images/histo.JPG, id=22, 433.62pt x 414.79968pt>
File: images/histo.JPG Graphic file (type jpg)
 <use images/histo.JPG>
Overfull \hbox (12.12085pt too wide) in paragraph at lines 48--49
 [] 
 []

[3] [4 <C:/Documents and Settings/Silvio/Escritorio/simulacion 1/informe tp01 s
imu/images/histo.JPG>]
Underfull \hbox (badness 10000) in paragraph at lines 54--56

 []

<images/testgrafico.JPG, id=29, 379.4175pt x 378.66469pt>
File: images/testgrafico.JPG Graphic file (type jpg)

<use images/testgrafico.JPG>
Overfull \hbox (18.79126pt too wide) in paragraph at lines 57--58
 [] 
 []

[5 <C:/Documents and Settings/Silvio/Escritorio/simulacion 1/informe tp01 simu/
images/testgrafico.JPG>] [6]
("C:\Documents and Settings\Silvio\Escritorio\simulacion 1\informe tp01 simu\si
mulaciones-tp01.aux") ) 
Here is how much of TeX's memory you used:
 1810 strings out of 495285
 22746 string characters out of 3179732
 75792 words of memory out of 3000000
 5023 multiletter control sequences out of 15000+200000
 11913 words of font info for 32 fonts, out of 3000000 for 9000
 14 hyphenation exceptions out of 8191
 26i,6n,31p,302b,308s stack positions out of 5000i,500n,10000p,200000b,50000s
 <C:\Documents and Settings\Silvio\Configuración local\D
atos de programa\MiKTeX\2.8\fonts\pk\ljfour\jknappen\ec\dpi600\ecbx1440.pk> <C:
\Documents and Settings\Silvio\Configuración local\Datos de programa\MiKTeX\2.8
\fonts\pk\ljfour\jknappen\ec\dpi600\ecrm1200.pk> <C:\Documents and Settings\Sil
vio\Configuración local\Datos de programa\MiKTeX\2.8\fonts\pk\ljfour\jknappen\e
c\dpi600\ecbx1728.pk> <C:\Documents and Settings\Silvio\Configuración local\Dat
os de programa\MiKTeX\2.8\fonts\pk\ljfour\jknappen\ec\dpi600\ecrm1440.pk> <C:\D
ocuments and Settings\Silvio\Configuración local\Datos de programa\MiKTeX\2.8\f
onts\pk\ljfour\jknappen\ec\dpi600\ecrm2074.pk><C:/Archivos de programa/MiKTeX 2
.8/fonts/type1/public/amsfonts/cm/cmex10.pfb><C:/Archivos de programa/MiKTeX 2.
8/fonts/type1/public/amsfonts/cm/cmmi12.pfb><C:/Archivos de programa/MiKTeX 2.8
/fonts/type1/public/amsfonts/cm/cmmi8.pfb><C:/Archivos de programa/MiKTeX 2.8/f
onts/type1/public/amsfonts/cm/cmr12.pfb><C:/Archivos de programa/MiKTeX 2.8/fon
ts/type1/public/amsfonts/cm/cmr8.pfb><C:/Archivos de programa/MiKTeX 2.8/fonts/
type1/public/amsfonts/cm/cmsy10.pfb>
Output written on simulaciones-tp01.pdf (7 pages, 311335 bytes).
PDF statistics:
 216 PDF objects out of 1000 (max. 8388607)
 0 named destinations out of 1000 (max. 500000)
 11 words of extra memory for PDF output out of 10000 (max. 10000000)

